[0.008s] Invoking command in '/home/babuntu/ros2_ws/src/my_robot_description/build/my_robot_description': CMAKE_PREFIX_PATH=${CMAKE_PREFIX_PATH}:/opt/ros/humble /usr/bin/cmake /home/babuntu/ros2_ws/src/my_robot_description -DCMAKE_INSTALL_PREFIX=/home/babuntu/ros2_ws/src/my_robot_description/install/my_robot_description
[0.078s] -- The C compiler identification is GNU 11.4.0
[0.132s] -- The CXX compiler identification is GNU 11.4.0
[0.139s] -- Detecting C compiler ABI info
[0.189s] -- Detecting C compiler ABI info - done
[0.194s] -- Check for working C compiler: /usr/bin/cc - skipped
[0.194s] -- Detecting C compile features
[0.194s] -- Detecting C compile features - done
[0.197s] -- Detecting CXX compiler ABI info
[0.262s] -- Detecting CXX compiler ABI info - done
[0.266s] -- Check for working CXX compiler: /usr/bin/c++ - skipped
[0.266s] -- Detecting CXX compile features
[0.266s] -- Detecting CXX compile features - done
[0.270s] -- Found ament_cmake: 1.3.11 (/opt/ros/humble/share/ament_cmake/cmake)
[0.373s] -- Found Python3: /usr/bin/python3 (found version "3.10.12") found components: Interpreter 
[0.477s] -- Configuring done
[0.478s] -- Generating done
[0.479s] -- Build files have been written to: /home/babuntu/ros2_ws/src/my_robot_description/build/my_robot_description
[0.483s] Invoked command in '/home/babuntu/ros2_ws/src/my_robot_description/build/my_robot_description' returned '0': CMAKE_PREFIX_PATH=${CMAKE_PREFIX_PATH}:/opt/ros/humble /usr/bin/cmake /home/babuntu/ros2_ws/src/my_robot_description -DCMAKE_INSTALL_PREFIX=/home/babuntu/ros2_ws/src/my_robot_description/install/my_robot_description
[0.483s] Invoking command in '/home/babuntu/ros2_ws/src/my_robot_description/build/my_robot_description': CMAKE_PREFIX_PATH=${CMAKE_PREFIX_PATH}:/opt/ros/humble /usr/bin/cmake --build /home/babuntu/ros2_ws/src/my_robot_description/build/my_robot_description -- -j20 -l20
[0.510s] Invoked command in '/home/babuntu/ros2_ws/src/my_robot_description/build/my_robot_description' returned '0': CMAKE_PREFIX_PATH=${CMAKE_PREFIX_PATH}:/opt/ros/humble /usr/bin/cmake --build /home/babuntu/ros2_ws/src/my_robot_description/build/my_robot_description -- -j20 -l20
[0.517s] Invoking command in '/home/babuntu/ros2_ws/src/my_robot_description/build/my_robot_description': CMAKE_PREFIX_PATH=${CMAKE_PREFIX_PATH}:/opt/ros/humble /usr/bin/cmake --install /home/babuntu/ros2_ws/src/my_robot_description/build/my_robot_description
[0.524s] -- Install configuration: ""
[0.524s] -- Installing: /home/babuntu/ros2_ws/src/my_robot_description/install/my_robot_description/share/my_robot_description//urdf
[0.524s] -- Installing: /home/babuntu/ros2_ws/src/my_robot_description/install/my_robot_description/share/my_robot_description//urdf/my_robot.urdf.xacro
[0.524s] -- Installing: /home/babuntu/ros2_ws/src/my_robot_description/install/my_robot_description/share/my_robot_description//urdf/mobile_base.xacro
[0.524s] -- Installing: /home/babuntu/ros2_ws/src/my_robot_description/install/my_robot_description/share/my_robot_description//urdf/common_properties.xacro
[0.524s] -- Installing: /home/babuntu/ros2_ws/src/my_robot_description/install/my_robot_description/share/my_robot_description//launch
[0.524s] -- Installing: /home/babuntu/ros2_ws/src/my_robot_description/install/my_robot_description/share/my_robot_description//launch/display.launch.xml
[0.524s] -- Installing: /home/babuntu/ros2_ws/src/my_robot_description/install/my_robot_description/share/my_robot_description//rviz
[0.524s] -- Installing: /home/babuntu/ros2_ws/src/my_robot_description/install/my_robot_description/share/my_robot_description//rviz/urdf_config.rviz
[0.525s] -- Installing: /home/babuntu/ros2_ws/src/my_robot_description/install/my_robot_description/share/ament_index/resource_index/package_run_dependencies/my_robot_description
[0.525s] -- Installing: /home/babuntu/ros2_ws/src/my_robot_description/install/my_robot_description/share/ament_index/resource_index/parent_prefix_path/my_robot_description
[0.525s] -- Installing: /home/babuntu/ros2_ws/src/my_robot_description/install/my_robot_description/share/my_robot_description/environment/ament_prefix_path.sh
[0.525s] -- Installing: /home/babuntu/ros2_ws/src/my_robot_description/install/my_robot_description/share/my_robot_description/environment/ament_prefix_path.dsv
[0.525s] -- Installing: /home/babuntu/ros2_ws/src/my_robot_description/install/my_robot_description/share/my_robot_description/environment/path.sh
[0.525s] -- Installing: /home/babuntu/ros2_ws/src/my_robot_description/install/my_robot_description/share/my_robot_description/environment/path.dsv
[0.525s] -- Installing: /home/babuntu/ros2_ws/src/my_robot_description/install/my_robot_description/share/my_robot_description/local_setup.bash
[0.526s] -- Installing: /home/babuntu/ros2_ws/src/my_robot_description/install/my_robot_description/share/my_robot_description/local_setup.sh
[0.526s] -- Installing: /home/babuntu/ros2_ws/src/my_robot_description/install/my_robot_description/share/my_robot_description/local_setup.zsh
[0.526s] -- Installing: /home/babuntu/ros2_ws/src/my_robot_description/install/my_robot_description/share/my_robot_description/local_setup.dsv
[0.526s] -- Installing: /home/babuntu/ros2_ws/src/my_robot_description/install/my_robot_description/share/my_robot_description/package.dsv
[0.526s] -- Installing: /home/babuntu/ros2_ws/src/my_robot_description/install/my_robot_description/share/ament_index/resource_index/packages/my_robot_description
[0.526s] -- Installing: /home/babuntu/ros2_ws/src/my_robot_description/install/my_robot_description/share/my_robot_description/cmake/my_robot_descriptionConfig.cmake
[0.526s] -- Installing: /home/babuntu/ros2_ws/src/my_robot_description/install/my_robot_description/share/my_robot_description/cmake/my_robot_descriptionConfig-version.cmake
[0.526s] -- Installing: /home/babuntu/ros2_ws/src/my_robot_description/install/my_robot_description/share/my_robot_description/package.xml
[0.527s] Invoked command in '/home/babuntu/ros2_ws/src/my_robot_description/build/my_robot_description' returned '0': CMAKE_PREFIX_PATH=${CMAKE_PREFIX_PATH}:/opt/ros/humble /usr/bin/cmake --install /home/babuntu/ros2_ws/src/my_robot_description/build/my_robot_description
